<?xml version="1.0" encoding="UTF-8"?>
<testsuite xmlns:xsi="http://www.w3.org/2001/XMLSchema-instance" xsi:noNamespaceSchemaLocation="https://maven.apache.org/surefire/maven-surefire-plugin/xsd/surefire-test-report.xsd" name="edu.postech.csed332.homework1.GameTest" time="0.06" tests="5" errors="1" skipped="0" failures="3">
  <properties>
[...]
</properties>
  <testcase name="testPlaceUnit" classname="edu.postech.csed332.homework1.GameTest" time="0.039">
    <failure message="expected: &lt;true&gt; but was: &lt;false&gt;" type="org.opentest4j.AssertionFailedError"><![CDATA[org.opentest4j.AssertionFailedError: expected: <true> but was: <false>
	at edu.postech.csed332.homework1.GameTest.testPlaceUnit(GameTest.java:28)
]]></failure>
  </testcase>
  <testcase name="testPlaceTwoUnits" classname="edu.postech.csed332.homework1.GameTest" time="0.001">
    <failure message="expected: &lt;true&gt; but was: &lt;false&gt;" type="org.opentest4j.AssertionFailedError"><![CDATA[org.opentest4j.AssertionFailedError: expected: <true> but was: <false>
	at edu.postech.csed332.homework1.GameTest.testPlaceTwoUnits(GameTest.java:52)
]]></failure>
  </testcase>
  <testcase name="testGroundAttack" classname="edu.postech.csed332.homework1.GameTest" time="0.001">
    <error type="java.lang.NullPointerException">java.lang.NullPointerException
	at edu.postech.csed332.homework1.GameTest.testGroundAttack(GameTest.java:68)
</error>
  </testcase>
  <testcase name="testPlaceUnitInvalid" classname="edu.postech.csed332.homework1.GameTest" time="0.004">
    <failure message="Expected java.lang.IllegalArgumentException to be thrown, but nothing was thrown." type="org.opentest4j.AssertionFailedError">org.opentest4j.AssertionFailedError: Expected java.lang.IllegalArgumentException to be thrown, but nothing was thrown.
	at edu.postech.csed332.homework1.GameTest.testPlaceUnitInvalid(GameTest.java:38)
</failure>
  </testcase>
  <testcase name="testGameBoard" classname="edu.postech.csed332.homework1.GameTest" time="0.001"/>
</testsuite>