<?xml version="1.0" encoding="UTF-8"?>
<testsuite xmlns:xsi="http://www.w3.org/2001/XMLSchema-instance" xsi:noNamespaceSchemaLocation="https://maven.apache.org/surefire/maven-surefire-plugin/xsd/surefire-test-report.xsd" name="edu.postech.csed332.homework1.BankTest" time="0.061" tests="3" errors="0" skipped="0" failures="0">
  <properties>
[...]
</properties>
  <testcase name="testFindAccount" classname="edu.postech.csed332.homework1.BankTest" time="0.028"/>
  <testcase name="testFindAccountByName" classname="edu.postech.csed332.homework1.BankTest" time="0.017"/>
  <testcase name="testHighInterestAccount" classname="edu.postech.csed332.homework1.BankTest" time="0.003"/>
</testsuite>